Using pre-set license
Built from '2020.3/staging' branch; Version is '2020.3.14f1 (d0d1bb862f9d) revision 13685179'; Using compiler version '192528614'; Build Type 'Release'
OS: 'Windows 10 Pro; OS build 19044.1415; Version 2009; 64bit' Language: 'ru' Physical Memory: 8061 MB
BatchMode: 1, IsHumanControllingUs: 0, StartBugReporterOnCrash: 0, Is64bit: 1, IsPro: 0

 COMMAND LINE ARGUMENTS:
C:\Program Files\Unity\Hub\Editor\2020.3.14f1\Editor\Unity.exe
-adb2
-batchMode
-noUpm
-name
AssetImportWorker0
-projectPath
C:/Users/dimenatar/Desktop/Work/MotherlandDefense/Motherland_defense_Unity_Mobile/Motherland defense
-logFile
Logs/AssetImportWorker0.log
-srvPort
54206
Successfully changed project path to: C:/Users/dimenatar/Desktop/Work/MotherlandDefense/Motherland_defense_Unity_Mobile/Motherland defense
C:/Users/dimenatar/Desktop/Work/MotherlandDefense/Motherland_defense_Unity_Mobile/Motherland defense
Using Asset Import Pipeline V2.
Refreshing native plugins compatible for Editor in 87.60 ms, found 2 plugins.
Preloading 0 native plugins for Editor in 0.00 ms.
Initialize engine version: 2020.3.14f1 (d0d1bb862f9d)
[Subsystems] Discovering subsystems at path C:/Program Files/Unity/Hub/Editor/2020.3.14f1/Editor/Data/Resources/UnitySubsystems
[Subsystems] Discovering subsystems at path C:/Users/dimenatar/Desktop/Work/MotherlandDefense/Motherland_defense_Unity_Mobile/Motherland defense/Assets
GfxDevice: creating device client; threaded=0
Direct3D:
    Version:  Direct3D 11.0 [level 11.1]
    Renderer: NVIDIA GeForce GTX 1050 Ti (ID=0x1c82)
    Vendor:   
    VRAM:     4018 MB
    Driver:   27.21.14.5671
Initialize mono
Mono path[0] = 'C:/Program Files/Unity/Hub/Editor/2020.3.14f1/Editor/Data/Managed'
Mono path[1] = 'C:/Program Files/Unity/Hub/Editor/2020.3.14f1/Editor/Data/MonoBleedingEdge/lib/mono/unityjit'
Mono config path = 'C:/Program Files/Unity/Hub/Editor/2020.3.14f1/Editor/Data/MonoBleedingEdge/etc'
Using monoOptions --debugger-agent=transport=dt_socket,embedding=1,server=y,suspend=n,address=127.0.0.1:56188
Begin MonoManager ReloadAssembly
Registering precompiled unity dll's ...
Register platform support module: C:/Program Files/Unity/Hub/Editor/2020.3.14f1/Editor/Data/PlaybackEngines/WindowsStandaloneSupport/UnityEditor.WindowsStandalone.Extensions.dll
Registered in 0.002800 seconds.
Native extension for WindowsStandalone target not found
Refreshing native plugins compatible for Editor in 80.04 ms, found 2 plugins.
Preloading 0 native plugins for Editor in 0.00 ms.
Mono: successfully reloaded assembly
- Completed reload, in  3.950 seconds
Domain Reload Profiling:
	ReloadAssembly (3951ms)
		BeginReloadAssembly (54ms)
			ExecutionOrderSort (0ms)
			DisableScriptedObjects (0ms)
			BackupInstance (0ms)
			ReleaseScriptingObjects (0ms)
			CreateAndSetChildDomain (1ms)
		EndReloadAssembly (518ms)
			LoadAssemblies (53ms)
			RebuildTransferFunctionScriptingTraits (0ms)
			SetupTypeCache (197ms)
			ReleaseScriptCaches (0ms)
			RebuildScriptCaches (33ms)
			SetupLoadedEditorAssemblies (217ms)
				LogAssemblyErrors (0ms)
				InitializePlatformSupportModulesInManaged (4ms)
				SetLoadedEditorAssemblies (0ms)
				RefreshPlugins (80ms)
				BeforeProcessingInitializeOnLoad (14ms)
				ProcessInitializeOnLoadAttributes (89ms)
				ProcessInitializeOnLoadMethodAttributes (30ms)
				AfterProcessingInitializeOnLoad (0ms)
				EditorAssembliesLoaded (0ms)
			ExecutionOrderSort2 (0ms)
			AwakeInstancesAfterBackupRestoration (0ms)
Platform modules already initialized, skipping
Registering precompiled user dll's ...
Registered in 0.016462 seconds.
Begin MonoManager ReloadAssembly
Native extension for WindowsStandalone target not found
Refreshing native plugins compatible for Editor in 93.96 ms, found 2 plugins.
Preloading 0 native plugins for Editor in 0.00 ms.
Mono: successfully reloaded assembly
- Completed reload, in  2.157 seconds
Domain Reload Profiling:
	ReloadAssembly (2158ms)
		BeginReloadAssembly (167ms)
			ExecutionOrderSort (0ms)
			DisableScriptedObjects (5ms)
			BackupInstance (0ms)
			ReleaseScriptingObjects (0ms)
			CreateAndSetChildDomain (22ms)
		EndReloadAssembly (1924ms)
			LoadAssemblies (172ms)
			RebuildTransferFunctionScriptingTraits (0ms)
			SetupTypeCache (418ms)
			ReleaseScriptCaches (1ms)
			RebuildScriptCaches (91ms)
			SetupLoadedEditorAssemblies (1117ms)
				LogAssemblyErrors (0ms)
				InitializePlatformSupportModulesInManaged (4ms)
				SetLoadedEditorAssemblies (0ms)
				RefreshPlugins (94ms)
				BeforeProcessingInitializeOnLoad (109ms)
				ProcessInitializeOnLoadAttributes (891ms)
				ProcessInitializeOnLoadMethodAttributes (15ms)
				AfterProcessingInitializeOnLoad (3ms)
				EditorAssembliesLoaded (0ms)
			ExecutionOrderSort2 (0ms)
			AwakeInstancesAfterBackupRestoration (8ms)
Platform modules already initialized, skipping
========================================================================
Worker process is ready to serve import requests
Launched and connected shader compiler UnityShaderCompiler.exe after 0.06 seconds
Refreshing native plugins compatible for Editor in 1.20 ms, found 2 plugins.
Preloading 0 native plugins for Editor in 0.00 ms.
Unloading 3515 Unused Serialized files (Serialized files now loaded: 0)
System memory in use before: 274.5 MB.
System memory in use after: 274.5 MB.

Unloading 38 unused Assets to reduce memory usage. Loaded Objects now: 4005.
Total: 3.723100 ms (FindLiveObjects: 0.518200 ms CreateObjectMapping: 0.357600 ms MarkObjects: 2.453400 ms  DeleteObjects: 0.393000 ms)

AssetImportParameters requested are different than current active one (requested -> active):
  custom:framework-win-MediaFoundation: 216162199b28c13a410421893ffa2e32 -> 
  custom:video-decoder-ogg-theora: a1e56fd34408186e4bbccfd4996cb3dc -> 
  custom:container-muxer-webm: aa71ff27fc2769a1b78a27578f13a17b -> 
  custom:container-demuxer-webm: 4f35f7cbe854078d1ac9338744f61a02 -> 
  custom:container-demuxer-ogg: 62fdf1f143b41e24485cea50d1cbac27 -> 
  custom:video-encoder-webm-vp8: eb34c28f22e8b96e1ab97ce403110664 -> 
  custom:video-decoder-webm-vp8: 9c59270c3fd7afecdb556c50c9e8de78 -> 
  custom:audio-decoder-ogg-vorbis: bf7c407c2cedff20999df2af8eb42d56 -> 
  custom:audio-encoder-webm-vorbis: bf7c407c2cedff20999df2af8eb42d56 -> 
========================================================================
Received Import Request.
  path: Assets/SeventhTerrain.asset
  artifactKey: Guid(7e58dcf2f2b9ec34b844fa21e6c4ea49) Importer(815301076,1909f56bfc062723c751e8b465ee728b)
Start importing Assets/SeventhTerrain.asset using Guid(7e58dcf2f2b9ec34b844fa21e6c4ea49) Importer(815301076,1909f56bfc062723c751e8b465ee728b)  -> (artifact id: 'b274fa072889c6118e3d39071f160375') in 0.177578 seconds 
  Import took 0.186375 seconds .

========================================================================
Received Import Request.
  Time since last request: 4.191140 seconds.
  path: Assets/Resources/Bridge.FBX
  artifactKey: Guid(6830e740845a1df439ed676d7aac1330) Importer(815301076,1909f56bfc062723c751e8b465ee728b)
Start importing Assets/Resources/Bridge.FBX using Guid(6830e740845a1df439ed676d7aac1330) Importer(815301076,1909f56bfc062723c751e8b465ee728b)  -> (artifact id: 'fc923f10833342a6614dba1d46c7f82a') in 0.231153 seconds 
  Import took 0.241994 seconds .

========================================================================
Received Import Request.
  Time since last request: 37.619121 seconds.
  path: Assets/Shader/FogMaterial.mat
  artifactKey: Guid(d038cbe252248294fae57c5bf9a9b974) Importer(815301076,1909f56bfc062723c751e8b465ee728b)
Start importing Assets/Shader/FogMaterial.mat using Guid(d038cbe252248294fae57c5bf9a9b974) Importer(815301076,1909f56bfc062723c751e8b465ee728b)  -> (artifact id: '5f4c4a5eb2cbd69319f6f515281ab777') in 0.017174 seconds 
  Import took 0.026802 seconds .

========================================================================
Received Import Request.
  Time since last request: 46.956174 seconds.
  path: Assets/Resources/Bridge.FBX
  artifactKey: Guid(6830e740845a1df439ed676d7aac1330) Importer(815301076,1909f56bfc062723c751e8b465ee728b)
Start importing Assets/Resources/Bridge.FBX using Guid(6830e740845a1df439ed676d7aac1330) Importer(815301076,1909f56bfc062723c751e8b465ee728b)  -> (artifact id: '9d1532c8ae7d7a9a82cfabbb903ae0bb') in 0.157050 seconds 
  Import took 0.171660 seconds .

========================================================================
Received Import Request.
  Time since last request: 674.188640 seconds.
  path: Assets/Resources/bridge 1.fbx
  artifactKey: Guid(0aa553e404dc8e74999790435ce918ff) Importer(815301076,1909f56bfc062723c751e8b465ee728b)
Start importing Assets/Resources/bridge 1.fbx using Guid(0aa553e404dc8e74999790435ce918ff) Importer(815301076,1909f56bfc062723c751e8b465ee728b)  -> (artifact id: '71b08c348ca08436841679d133524ebb') in 0.112094 seconds 
  Import took 0.186954 seconds .

========================================================================
Received Import Request.
  Time since last request: 52.960431 seconds.
  path: Assets/Resources/Bridge.FBX
  artifactKey: Guid(6830e740845a1df439ed676d7aac1330) Importer(815301076,1909f56bfc062723c751e8b465ee728b)
Start importing Assets/Resources/Bridge.FBX using Guid(6830e740845a1df439ed676d7aac1330) Importer(815301076,1909f56bfc062723c751e8b465ee728b)  -> (artifact id: 'b887b604bcc09d5baa8435859849842f') in 0.112365 seconds 
  Import took 0.123246 seconds .

========================================================================
Received Import Request.
  Time since last request: 38.324869 seconds.
  path: Assets/Resources/Bridge.FBX
  artifactKey: Guid(6830e740845a1df439ed676d7aac1330) Importer(815301076,1909f56bfc062723c751e8b465ee728b)
Start importing Assets/Resources/Bridge.FBX using Guid(6830e740845a1df439ed676d7aac1330) Importer(815301076,1909f56bfc062723c751e8b465ee728b)  -> (artifact id: '540d05047c71e881cc56e6031385fb53') in 0.119185 seconds 
  Import took 0.127375 seconds .

========================================================================
Received Import Request.
  Time since last request: 25.462095 seconds.
  path: Assets/Resources/Materials/Bridge-Material #2.mat
  artifactKey: Guid(1ea4c4a30fdfac948b45f980298f2a7b) Importer(815301076,1909f56bfc062723c751e8b465ee728b)
Start importing Assets/Resources/Materials/Bridge-Material #2.mat using Guid(1ea4c4a30fdfac948b45f980298f2a7b) Importer(815301076,1909f56bfc062723c751e8b465ee728b)  -> (artifact id: 'fef0a929c6c22d59ebd4a8e6b3566685') in 0.012769 seconds 
  Import took 0.020446 seconds .

========================================================================
Received Import Request.
  Time since last request: 0.000242 seconds.
  path: Assets/Resources/Materials/Material #2.mat
  artifactKey: Guid(d04d7088ee9f5f6439b17474144bbe23) Importer(815301076,1909f56bfc062723c751e8b465ee728b)
Start importing Assets/Resources/Materials/Material #2.mat using Guid(d04d7088ee9f5f6439b17474144bbe23) Importer(815301076,1909f56bfc062723c751e8b465ee728b)  -> (artifact id: '05e2542ac15113846c08fdaeb195a98e') in 0.010434 seconds 
  Import took 0.018676 seconds .

========================================================================
Received Import Request.
  Time since last request: 0.000218 seconds.
  path: Assets/Resources/Materials/Bridge-Material #5.mat
  artifactKey: Guid(6cc202354e41ac94bbb5f7699b87ba8e) Importer(815301076,1909f56bfc062723c751e8b465ee728b)
Start importing Assets/Resources/Materials/Bridge-Material #5.mat using Guid(6cc202354e41ac94bbb5f7699b87ba8e) Importer(815301076,1909f56bfc062723c751e8b465ee728b)  -> (artifact id: '7c7c1c23eb28a1b8d1485f89adee06c7') in 0.010760 seconds 
  Import took 0.018856 seconds .

========================================================================
Received Import Request.
  Time since last request: 0.000188 seconds.
  path: Assets/Resources/Materials/Bridge-Material #4.mat
  artifactKey: Guid(c083b750d3769e6468df2753fb80fa61) Importer(815301076,1909f56bfc062723c751e8b465ee728b)
Start importing Assets/Resources/Materials/Bridge-Material #4.mat using Guid(c083b750d3769e6468df2753fb80fa61) Importer(815301076,1909f56bfc062723c751e8b465ee728b)  -> (artifact id: '20562975b643f2e1a5f4a09c95460b01') in 0.011606 seconds 
  Import took 0.018713 seconds .

========================================================================
Received Import Request.
  Time since last request: 0.000248 seconds.
  path: Assets/Resources/Materials/Material #3.mat
  artifactKey: Guid(3e7014eaeec41e147aa7c05969dde407) Importer(815301076,1909f56bfc062723c751e8b465ee728b)
Start importing Assets/Resources/Materials/Material #3.mat using Guid(3e7014eaeec41e147aa7c05969dde407) Importer(815301076,1909f56bfc062723c751e8b465ee728b)  -> (artifact id: '5ba17a519194e2b2e1003f563d82973e') in 0.009362 seconds 
  Import took 0.016805 seconds .

========================================================================
Received Import Request.
  Time since last request: 0.000177 seconds.
  path: Assets/Resources/Materials/Material #5.mat
  artifactKey: Guid(336cc17a119367d40aa070087ee9b92a) Importer(815301076,1909f56bfc062723c751e8b465ee728b)
Start importing Assets/Resources/Materials/Material #5.mat using Guid(336cc17a119367d40aa070087ee9b92a) Importer(815301076,1909f56bfc062723c751e8b465ee728b)  -> (artifact id: 'e61d6cfa4e994b5fdeebdb9d2c9923a1') in 0.009836 seconds 
  Import took 0.017471 seconds .

========================================================================
Received Import Request.
  Time since last request: 0.000207 seconds.
  path: Assets/Resources/Materials/Bridge-Material #6.mat
  artifactKey: Guid(4a63001a6ca724a4eb701e9b8ee0c878) Importer(815301076,1909f56bfc062723c751e8b465ee728b)
Start importing Assets/Resources/Materials/Bridge-Material #6.mat using Guid(4a63001a6ca724a4eb701e9b8ee0c878) Importer(815301076,1909f56bfc062723c751e8b465ee728b)  -> (artifact id: 'bd104b9cf885d4483d4a8388b72726bc') in 0.009178 seconds 
  Import took 0.016487 seconds .

========================================================================
Received Import Request.
  Time since last request: 0.000191 seconds.
  path: Assets/Resources/Materials/Material #6.mat
  artifactKey: Guid(a17136263668fb94ba0f31e23b5cbdb1) Importer(815301076,1909f56bfc062723c751e8b465ee728b)
Start importing Assets/Resources/Materials/Material #6.mat using Guid(a17136263668fb94ba0f31e23b5cbdb1) Importer(815301076,1909f56bfc062723c751e8b465ee728b)  -> (artifact id: '9861fb1ffa0d0791d415223c2b922b14') in 0.009648 seconds 
  Import took 0.017066 seconds .

========================================================================
Received Import Request.
  Time since last request: 0.000211 seconds.
  path: Assets/Resources/Materials/Material #4.mat
  artifactKey: Guid(562630ddcb9d22c4bb91ebf54a275cdd) Importer(815301076,1909f56bfc062723c751e8b465ee728b)
Start importing Assets/Resources/Materials/Material #4.mat using Guid(562630ddcb9d22c4bb91ebf54a275cdd) Importer(815301076,1909f56bfc062723c751e8b465ee728b)  -> (artifact id: '91a2a383f8419235446b8ddf0c43e71c') in 0.009376 seconds 
  Import took 0.017260 seconds .

========================================================================
Received Import Request.
  Time since last request: 0.000180 seconds.
  path: Assets/Resources/Materials/Bridge-Material #3.mat
  artifactKey: Guid(0be270ee63bd0e94f9b8dd02037dfdb3) Importer(815301076,1909f56bfc062723c751e8b465ee728b)
Start importing Assets/Resources/Materials/Bridge-Material #3.mat using Guid(0be270ee63bd0e94f9b8dd02037dfdb3) Importer(815301076,1909f56bfc062723c751e8b465ee728b)  -> (artifact id: '4c94491cba942da29ddc53d7e0918d09') in 0.008485 seconds 
  Import took 0.016511 seconds .

========================================================================
Received Import Request.
  Time since last request: 0.000167 seconds.
  path: Assets/Resources/Materials/Material #4.mat
  artifactKey: Guid(562630ddcb9d22c4bb91ebf54a275cdd) Importer(815301076,1909f56bfc062723c751e8b465ee728b)
Start importing Assets/Resources/Materials/Material #4.mat using Guid(562630ddcb9d22c4bb91ebf54a275cdd) Importer(815301076,1909f56bfc062723c751e8b465ee728b)  -> (artifact id: '91a2a383f8419235446b8ddf0c43e71c') in 0.008748 seconds 
  Import took 0.016346 seconds .

========================================================================
Received Import Request.
  Time since last request: 49.598395 seconds.
  path: Assets/Resources/Bridge.FBX
  artifactKey: Guid(6830e740845a1df439ed676d7aac1330) Importer(815301076,1909f56bfc062723c751e8b465ee728b)
Start importing Assets/Resources/Bridge.FBX using Guid(6830e740845a1df439ed676d7aac1330) Importer(815301076,1909f56bfc062723c751e8b465ee728b)  -> (artifact id: '2c31f67c4ac9ffaded4f44942690a66e') in 0.143648 seconds 
  Import took 0.152563 seconds .

========================================================================
Received Import Request.
  Time since last request: 3.939859 seconds.
  path: Assets/Resources/Materials
  artifactKey: Guid(d9bf62f1b3ec8ae4e839921037c404b0) Importer(815301076,1909f56bfc062723c751e8b465ee728b)
Start importing Assets/Resources/Materials using Guid(d9bf62f1b3ec8ae4e839921037c404b0) Importer(815301076,1909f56bfc062723c751e8b465ee728b)  -> (artifact id: '93afdfa7a295296247b0085521498237') in 0.003220 seconds 
  Import took 0.011746 seconds .

========================================================================
Received Import Request.
  Time since last request: 0.052365 seconds.
  path: Assets/Resources/Materials/Material #2 1.mat
  artifactKey: Guid(a6ac235cb4ec1b74ba3a9c68252416a5) Importer(815301076,1909f56bfc062723c751e8b465ee728b)
Start importing Assets/Resources/Materials/Material #2 1.mat using Guid(a6ac235cb4ec1b74ba3a9c68252416a5) Importer(815301076,1909f56bfc062723c751e8b465ee728b)  -> (artifact id: 'dee05ac681889fe32c9d04178bc8d13c') in 0.009673 seconds 
  Import took 0.017218 seconds .

========================================================================
Received Import Request.
  Time since last request: 0.000214 seconds.
  path: Assets/Resources/Materials/Material #5 1.mat
  artifactKey: Guid(a90df4ff53f3d5f4e93063a6c2c9e318) Importer(815301076,1909f56bfc062723c751e8b465ee728b)
Start importing Assets/Resources/Materials/Material #5 1.mat using Guid(a90df4ff53f3d5f4e93063a6c2c9e318) Importer(815301076,1909f56bfc062723c751e8b465ee728b)  -> (artifact id: 'e45ef12faade80effc69c0c7a73ac588') in 0.009687 seconds 
  Import took 0.017980 seconds .

========================================================================
Received Import Request.
  Time since last request: 0.000247 seconds.
  path: Assets/Resources/Materials/Material #4 1.mat
  artifactKey: Guid(afa6dd874119ac0439b6452fc7acd7d9) Importer(815301076,1909f56bfc062723c751e8b465ee728b)
Start importing Assets/Resources/Materials/Material #4 1.mat using Guid(afa6dd874119ac0439b6452fc7acd7d9) Importer(815301076,1909f56bfc062723c751e8b465ee728b)  -> (artifact id: '97be22824bdfb69416d166d8ca5dd499') in 0.009879 seconds 
  Import took 0.018117 seconds .

========================================================================
Received Import Request.
  Time since last request: 0.000238 seconds.
  path: Assets/Resources/Materials/Material #6 1.mat
  artifactKey: Guid(76698aac3a3b85c4cb8a6fbca8f8c587) Importer(815301076,1909f56bfc062723c751e8b465ee728b)
Start importing Assets/Resources/Materials/Material #6 1.mat using Guid(76698aac3a3b85c4cb8a6fbca8f8c587) Importer(815301076,1909f56bfc062723c751e8b465ee728b)  -> (artifact id: 'c8bc56292f30160bee3dacc321ce3f5e') in 0.010934 seconds 
  Import took 0.017887 seconds .

========================================================================
Received Import Request.
  Time since last request: 0.000310 seconds.
  path: Assets/Resources/Materials/Material #3 1.mat
  artifactKey: Guid(f070a325a191f81408ca22c2242de585) Importer(815301076,1909f56bfc062723c751e8b465ee728b)
Start importing Assets/Resources/Materials/Material #3 1.mat using Guid(f070a325a191f81408ca22c2242de585) Importer(815301076,1909f56bfc062723c751e8b465ee728b)  -> (artifact id: 'd94e3676dfa2237a57b3a9c78bc6f227') in 0.009549 seconds 
  Import took 0.018791 seconds .

========================================================================
Received Prepare
Registering precompiled user dll's ...
Registered in 0.009851 seconds.
Begin MonoManager ReloadAssembly
Native extension for WindowsStandalone target not found
Refreshing native plugins compatible for Editor in 0.91 ms, found 2 plugins.
Preloading 0 native plugins for Editor in 0.00 ms.
Mono: successfully reloaded assembly
- Completed reload, in  2.077 seconds
Domain Reload Profiling:
	ReloadAssembly (2080ms)
		BeginReloadAssembly (328ms)
			ExecutionOrderSort (0ms)
			DisableScriptedObjects (28ms)
			BackupInstance (0ms)
			ReleaseScriptingObjects (1ms)
			CreateAndSetChildDomain (160ms)
		EndReloadAssembly (1672ms)
			LoadAssemblies (141ms)
			RebuildTransferFunctionScriptingTraits (0ms)
			SetupTypeCache (498ms)
			ReleaseScriptCaches (3ms)
			RebuildScriptCaches (90ms)
			SetupLoadedEditorAssemblies (810ms)
				LogAssemblyErrors (0ms)
				InitializePlatformSupportModulesInManaged (6ms)
				SetLoadedEditorAssemblies (1ms)
				RefreshPlugins (1ms)
				BeforeProcessingInitializeOnLoad (124ms)
				ProcessInitializeOnLoadAttributes (665ms)
				ProcessInitializeOnLoadMethodAttributes (10ms)
				AfterProcessingInitializeOnLoad (3ms)
				EditorAssembliesLoaded (0ms)
			ExecutionOrderSort2 (0ms)
			AwakeInstancesAfterBackupRestoration (10ms)
Platform modules already initialized, skipping
Switching build target platform(19) subTarget(0) extendedPlatform(0) -> platform(13) subTarget(537395200) extendedPlatform(0)
Refreshing native plugins compatible for Editor in 0.84 ms, found 2 plugins.
Preloading 0 native plugins for Editor in 0.00 ms.
Unloading 3386 Unused Serialized files (Serialized files now loaded: 0)
System memory in use before: 257.9 MB.
System memory in use after: 257.9 MB.

Unloading 21 unused Assets to reduce memory usage. Loaded Objects now: 4051.
Total: 4.849900 ms (FindLiveObjects: 0.783200 ms CreateObjectMapping: 0.413000 ms MarkObjects: 3.350400 ms  DeleteObjects: 0.302000 ms)

AssetImportParameters requested are different than current active one (requested -> active):
  custom:framework-win-MediaFoundation: 216162199b28c13a410421893ffa2e32 -> 
  custom:video-decoder-ogg-theora: a1e56fd34408186e4bbccfd4996cb3dc -> 
  custom:container-muxer-webm: aa71ff27fc2769a1b78a27578f13a17b -> 
  custom:container-demuxer-webm: 4f35f7cbe854078d1ac9338744f61a02 -> 
  custom:container-demuxer-ogg: 62fdf1f143b41e24485cea50d1cbac27 -> 
  custom:video-encoder-webm-vp8: eb34c28f22e8b96e1ab97ce403110664 -> 
  custom:video-decoder-webm-vp8: 9c59270c3fd7afecdb556c50c9e8de78 -> 
  custom:graphics/normal-map-encoding: 01000000000000000000000000000000 -> 02000000000000000000000000000000
  custom:audio-decoder-ogg-vorbis: bf7c407c2cedff20999df2af8eb42d56 -> 
  custom:audio-encoder-webm-vorbis: bf7c407c2cedff20999df2af8eb42d56 -> 
========================================================================
Received Prepare
Registering precompiled user dll's ...
Registered in 0.006586 seconds.
Begin MonoManager ReloadAssembly
Native extension for WindowsStandalone target not found
Refreshing native plugins compatible for Editor in 1.23 ms, found 2 plugins.
Preloading 0 native plugins for Editor in 0.00 ms.
Mono: successfully reloaded assembly
- Completed reload, in  1.947 seconds
Domain Reload Profiling:
	ReloadAssembly (1947ms)
		BeginReloadAssembly (152ms)
			ExecutionOrderSort (0ms)
			DisableScriptedObjects (6ms)
			BackupInstance (0ms)
			ReleaseScriptingObjects (0ms)
			CreateAndSetChildDomain (59ms)
		EndReloadAssembly (1725ms)
			LoadAssemblies (113ms)
			RebuildTransferFunctionScriptingTraits (0ms)
			SetupTypeCache (476ms)
			ReleaseScriptCaches (2ms)
			RebuildScriptCaches (89ms)
			SetupLoadedEditorAssemblies (899ms)
				LogAssemblyErrors (0ms)
				InitializePlatformSupportModulesInManaged (9ms)
				SetLoadedEditorAssemblies (1ms)
				RefreshPlugins (1ms)
				BeforeProcessingInitializeOnLoad (164ms)
				ProcessInitializeOnLoadAttributes (712ms)
				ProcessInitializeOnLoadMethodAttributes (8ms)
				AfterProcessingInitializeOnLoad (3ms)
				EditorAssembliesLoaded (0ms)
			ExecutionOrderSort2 (0ms)
			AwakeInstancesAfterBackupRestoration (10ms)
Platform modules already initialized, skipping
Switching build target platform(19) subTarget(0) extendedPlatform(0) -> platform(13) subTarget(537395200) extendedPlatform(0)
Refreshing native plugins compatible for Editor in 1.01 ms, found 2 plugins.
Preloading 0 native plugins for Editor in 0.00 ms.
Unloading 3386 Unused Serialized files (Serialized files now loaded: 0)
System memory in use before: 257.9 MB.
System memory in use after: 258.0 MB.

Unloading 20 unused Assets to reduce memory usage. Loaded Objects now: 4053.
Total: 4.670000 ms (FindLiveObjects: 0.865300 ms CreateObjectMapping: 0.350500 ms MarkObjects: 3.081900 ms  DeleteObjects: 0.371100 ms)

AssetImportParameters requested are different than current active one (requested -> active):
  custom:framework-win-MediaFoundation: 216162199b28c13a410421893ffa2e32 -> 
  custom:video-decoder-ogg-theora: a1e56fd34408186e4bbccfd4996cb3dc -> 
  custom:container-muxer-webm: aa71ff27fc2769a1b78a27578f13a17b -> 
  custom:container-demuxer-webm: 4f35f7cbe854078d1ac9338744f61a02 -> 
  custom:container-demuxer-ogg: 62fdf1f143b41e24485cea50d1cbac27 -> 
  custom:video-encoder-webm-vp8: eb34c28f22e8b96e1ab97ce403110664 -> 
  custom:video-decoder-webm-vp8: 9c59270c3fd7afecdb556c50c9e8de78 -> 
  custom:graphics/normal-map-encoding: 01000000000000000000000000000000 -> 02000000000000000000000000000000
  custom:audio-decoder-ogg-vorbis: bf7c407c2cedff20999df2af8eb42d56 -> 
  custom:audio-encoder-webm-vorbis: bf7c407c2cedff20999df2af8eb42d56 -> 
========================================================================
Received Import Request.
  Time since last request: 6503.466858 seconds.
  path: Assets/EightsTerrain.asset
  artifactKey: Guid(81ba491ad4328224fa45328fe9cf773d) Importer(815301076,1909f56bfc062723c751e8b465ee728b)
Start importing Assets/EightsTerrain.asset using Guid(81ba491ad4328224fa45328fe9cf773d) Importer(815301076,1909f56bfc062723c751e8b465ee728b)  -> (artifact id: '43a5fb15e8395dc8f46f828efaadff22') in 4.795610 seconds 
  Import took 4.887110 seconds .

